mode: set
assignments-jelauria/servers/gateway/models/users/user.go:55.37,65.16 2 1
assignments-jelauria/servers/gateway/models/users/user.go:68.2,68.26 1 1
assignments-jelauria/servers/gateway/models/users/user.go:71.2,71.36 1 1
assignments-jelauria/servers/gateway/models/users/user.go:74.2,74.65 1 1
assignments-jelauria/servers/gateway/models/users/user.go:77.2,77.12 1 1
assignments-jelauria/servers/gateway/models/users/user.go:65.16,67.3 1 1
assignments-jelauria/servers/gateway/models/users/user.go:68.26,70.3 1 1
assignments-jelauria/servers/gateway/models/users/user.go:71.36,73.3 1 1
assignments-jelauria/servers/gateway/models/users/user.go:74.65,76.3 1 1
assignments-jelauria/servers/gateway/models/users/user.go:82.44,96.19 2 1
assignments-jelauria/servers/gateway/models/users/user.go:99.2,104.24 6 1
assignments-jelauria/servers/gateway/models/users/user.go:110.2,110.21 1 1
assignments-jelauria/servers/gateway/models/users/user.go:96.19,98.3 1 1
assignments-jelauria/servers/gateway/models/users/user.go:104.24,106.3 1 0
assignments-jelauria/servers/gateway/models/users/user.go:118.34,122.2 2 1
assignments-jelauria/servers/gateway/models/users/user.go:125.51,130.16 2 1
assignments-jelauria/servers/gateway/models/users/user.go:133.2,134.12 2 1
assignments-jelauria/servers/gateway/models/users/user.go:130.16,132.3 1 0
assignments-jelauria/servers/gateway/models/users/user.go:139.52,144.2 1 1
assignments-jelauria/servers/gateway/models/users/user.go:148.53,154.2 3 1
assignments-jelauria/servers/gateway/models/users/mysqlstore.go:11.40,13.2 1 1
assignments-jelauria/servers/gateway/models/users/mysqlstore.go:16.54,18.17 2 1
assignments-jelauria/servers/gateway/models/users/mysqlstore.go:21.2,23.18 3 1
assignments-jelauria/servers/gateway/models/users/mysqlstore.go:29.2,29.19 1 1
assignments-jelauria/servers/gateway/models/users/mysqlstore.go:18.17,20.3 1 1
assignments-jelauria/servers/gateway/models/users/mysqlstore.go:23.18,25.65 1 1
assignments-jelauria/servers/gateway/models/users/mysqlstore.go:25.65,27.4 1 0
assignments-jelauria/servers/gateway/models/users/mysqlstore.go:33.61,35.17 2 1
assignments-jelauria/servers/gateway/models/users/mysqlstore.go:38.2,40.18 3 1
assignments-jelauria/servers/gateway/models/users/mysqlstore.go:46.2,46.19 1 1
assignments-jelauria/servers/gateway/models/users/mysqlstore.go:35.17,37.3 1 1
assignments-jelauria/servers/gateway/models/users/mysqlstore.go:40.18,42.65 1 1
assignments-jelauria/servers/gateway/models/users/mysqlstore.go:42.65,44.4 1 0
assignments-jelauria/servers/gateway/models/users/mysqlstore.go:50.67,52.17 2 1
assignments-jelauria/servers/gateway/models/users/mysqlstore.go:55.2,57.18 3 1
assignments-jelauria/servers/gateway/models/users/mysqlstore.go:63.2,63.19 1 1
assignments-jelauria/servers/gateway/models/users/mysqlstore.go:52.17,54.3 1 1
assignments-jelauria/servers/gateway/models/users/mysqlstore.go:57.18,59.65 1 1
assignments-jelauria/servers/gateway/models/users/mysqlstore.go:59.65,61.4 1 0
assignments-jelauria/servers/gateway/models/users/mysqlstore.go:68.55,71.17 3 1
assignments-jelauria/servers/gateway/models/users/mysqlstore.go:74.2,75.17 2 1
assignments-jelauria/servers/gateway/models/users/mysqlstore.go:78.2,79.18 2 1
assignments-jelauria/servers/gateway/models/users/mysqlstore.go:71.17,73.3 1 1
assignments-jelauria/servers/gateway/models/users/mysqlstore.go:75.17,77.3 1 0
assignments-jelauria/servers/gateway/models/users/mysqlstore.go:84.71,87.17 3 1
assignments-jelauria/servers/gateway/models/users/mysqlstore.go:90.2,91.16 2 1
assignments-jelauria/servers/gateway/models/users/mysqlstore.go:94.2,94.18 1 1
assignments-jelauria/servers/gateway/models/users/mysqlstore.go:87.17,89.3 1 1
assignments-jelauria/servers/gateway/models/users/mysqlstore.go:91.16,93.3 1 0
assignments-jelauria/servers/gateway/models/users/mysqlstore.go:98.44,102.2 3 1
